\BOOKMARK [1][-]{section.1}{Background}{}% 1
\BOOKMARK [2][-]{subsection.1.1}{What is a Server Herd?}{section.1}% 2
\BOOKMARK [2][-]{subsection.1.2}{About asyncio}{section.1}% 3
\BOOKMARK [3][-]{subsubsection.1.2.1}{Coroutines and Async/Await}{subsection.1.2}% 4
\BOOKMARK [1][-]{section.2}{Our Google Places Proxy}{}% 5
\BOOKMARK [2][-]{subsection.2.1}{Behavior}{section.2}% 6
\BOOKMARK [3][-]{subsubsection.2.1.1}{IAMAT}{subsection.2.1}% 7
\BOOKMARK [3][-]{subsubsection.2.1.2}{WHATSAT}{subsection.2.1}% 8
\BOOKMARK [3][-]{subsubsection.2.1.3}{AT}{subsection.2.1}% 9
\BOOKMARK [2][-]{subsection.2.2}{Servers}{section.2}% 10
\BOOKMARK [2][-]{subsection.2.3}{Usage}{section.2}% 11
\BOOKMARK [1][-]{section.3}{Implementation}{}% 12
\BOOKMARK [2][-]{subsection.3.1}{General Functionality}{section.3}% 13
\BOOKMARK [2][-]{subsection.3.2}{HTTP Requests Using aiohttp}{section.3}% 14
\BOOKMARK [2][-]{subsection.3.3}{Flooding Algorithm}{section.3}% 15
\BOOKMARK [1][-]{section.4}{Initial Assessment of asyncio}{}% 16
\BOOKMARK [2][-]{subsection.4.1}{Advantages}{section.4}% 17
\BOOKMARK [2][-]{subsection.4.2}{Disadvantages and Problems}{section.4}% 18
\BOOKMARK [1][-]{section.5}{asyncio vs Node.js}{}% 19
\BOOKMARK [2][-]{subsection.5.1}{Programming Interfaces}{section.5}% 20
\BOOKMARK [2][-]{subsection.5.2}{Performance}{section.5}% 21
\BOOKMARK [2][-]{subsection.5.3}{Development Logistics}{section.5}% 22
\BOOKMARK [1][-]{section.6}{Python vs Java Concerns}{}% 23
\BOOKMARK [2][-]{subsection.6.1}{Type Checking}{section.6}% 24
\BOOKMARK [2][-]{subsection.6.2}{Memory Management}{section.6}% 25
\BOOKMARK [2][-]{subsection.6.3}{Multithreading}{section.6}% 26
\BOOKMARK [1][-]{section.7}{Conclusion}{}% 27
\BOOKMARK [1][-]{section.8}{References}{}% 28
